 gcccore/10.2.0 loaded.
 zlib/1.2.11-gcccore-10.2.0 loaded.
 binutils/2.35-gcccore-10.2.0 loaded.
 gcc/10.2.0 loaded.
 cudacore/11.1.1 loaded.
 cuda/11.1.1-gcc-10.2.0 loaded.
 gcccuda/2020b loaded.
 numactl/2.0.13-gcccore-10.2.0 loaded.
 xz/5.2.5-gcccore-10.2.0 loaded.
 libxml2/2.9.10-gcccore-10.2.0 loaded.
 libpciaccess/0.16-gcccore-10.2.0 loaded.
 hwloc/2.2.0-gcccore-10.2.0 loaded.
 libevent/2.1.12-gcccore-10.2.0 loaded.
 check/0.15.2-gcccore-10.2.0 loaded.
 gdrcopy/2.1-gcccore-10.2.0-cuda-11.1.1 loaded.
 ucx/1.9.0-gcccore-10.2.0-cuda-11.1.1 loaded.
 libfabric/1.11.0-gcccore-10.2.0 loaded.
 pmix/3.1.5-gcccore-10.2.0 loaded.
 openmpi/4.0.5-gcccuda-2020b loaded.
 openblas/0.3.12-gcc-10.2.0 loaded.
 gompic/2020b loaded.
 fftw/3.3.8-gompic-2020b loaded.
 scalapack/2.1.0-gompic-2020b loaded.
 fosscuda/2020b loaded.
 cudnn/8.1.0.77-cuda-11.1.1 loaded.
 nccl/2.8.3-gcccore-10.2.0-cuda-11.1.1 loaded.
 bzip2/1.0.8-gcccore-10.2.0 loaded.
 ncurses/6.2-gcccore-10.2.0 loaded.
 libreadline/8.0-gcccore-10.2.0 loaded.
 tcl/8.6.10-gcccore-10.2.0 loaded.
 sqlite/3.33.0-gcccore-10.2.0 loaded.
 gmp/6.2.0-gcccore-10.2.0 loaded.
 libffi/3.3-gcccore-10.2.0 loaded.
 python/3.8.6-gcccore-10.2.0 loaded.
 pybind11/2.6.0-gcccore-10.2.0 loaded.
 scipy-bundle/2020.11-fosscuda-2020b loaded.
 szip/2.1.1-gcccore-10.2.0 loaded.
 hdf5/1.10.7-gompic-2020b loaded.
 h5py/3.1.0-fosscuda-2020b loaded.
 curl/7.72.0-gcccore-10.2.0 loaded.
 double-conversion/3.1.5-gcccore-10.2.0 loaded.
 flatbuffers/1.12.0-gcccore-10.2.0 loaded.
 giflib/5.2.1-gcccore-10.2.0 loaded.
 icu/67.1-gcccore-10.2.0 loaded.
 jsoncpp/1.9.4-gcccore-10.2.0 loaded.
 nasm/2.15.05-gcccore-10.2.0 loaded.
 libjpeg-turbo/2.0.5-gcccore-10.2.0 loaded.
 lmdb/0.9.24-gcccore-10.2.0 loaded.
 nsync/1.24.0-gcccore-10.2.0 loaded.
 pcre/8.44-gcccore-10.2.0 loaded.
 protobuf/3.14.0-gcccore-10.2.0 loaded.
 protobuf-python/3.14.0-gcccore-10.2.0 loaded.
 flatbuffers-python/1.12-gcccore-10.2.0 loaded.
 typing-extensions/3.7.4.3-gcccore-10.2.0 loaded.
 libpng/1.6.37-gcccore-10.2.0 loaded.
 snappy/1.1.8-gcccore-10.2.0 loaded.
 tensorflow/2.8.0-fosscuda-2020b loaded.
2023-04-04 07:21:49.034773: I tensorflow/core/platform/cpu_feature_guard.cc:151] This TensorFlow binary is optimized with oneAPI Deep Neural Network Library (oneDNN) to use the following CPU instructions in performance-critical operations:  AVX2 AVX512F FMA
To enable them in other operations, rebuild TensorFlow with the appropriate compiler flags.
2023-04-04 07:21:49.587097: I tensorflow/core/common_runtime/gpu/gpu_device.cc:1525] Created device /job:localhost/replica:0/task:0/device:GPU:0 with 30989 MB memory:  -> device: 0, name: Tesla V100-SXM2-32GB, pci bus id: 0000:5f:00.0, compute capability: 7.0
Setup...
PWD: .
PWD_TMP: /net/ascratch/people/plgkocotm/pps-diamond-time-measurement
Loading dataset...
(19594, 64) (19594,)
Preprocessing...
(12540, 48) (3135, 48) (12540,) (3135,)
Model...
Example summary
Model: "sequential"
_________________________________________________________________
 Layer (type)                Output Shape              Param #   
=================================================================
 dense (Dense)               (None, 216)               10584     
                                                                 
 dense_1 (Dense)             (None, 144)               31248     
                                                                 
 dense_2 (Dense)             (None, 96)                13920     
                                                                 
 dense_3 (Dense)             (None, 64)                6208      
                                                                 
 dense_4 (Dense)             (None, 1)                 65        
                                                                 
=================================================================
Total params: 62,025
Trainable params: 62,025
Non-trainable params: 0
_________________________________________________________________
None
Tuning...

Search: Running Trial #43

Value             |Best Value So Far |Hyperparameter
8                 |5                 |n_hidden_layers
32                |32                |units_mult
2                 |1.5               |unit_decrease_factor
False             |True              |batch_normalization
True              |False             |input_batch_normalization
0.5               |0.2               |dropout

Epoch 1/3000
Epoch 2/3000
Epoch 3/3000
Epoch 4/3000
Epoch 5/3000
Epoch 6/3000
Epoch 7/3000
Epoch 8/3000
Epoch 9/3000
Epoch 10/3000
Epoch 11/3000
Epoch 12/3000
Epoch 13/3000
Epoch 14/3000
Epoch 15/3000
Epoch 16/3000
Epoch 17/3000
Epoch 18/3000
Epoch 19/3000
Epoch 20/3000
Epoch 21/3000
Epoch 22/3000
Epoch 23/3000
Epoch 24/3000
Epoch 25/3000
Epoch 26/3000
Epoch 27/3000
Epoch 28/3000
Epoch 29/3000
Epoch 30/3000
Epoch 31/3000
Epoch 32/3000
Epoch 33/3000
Epoch 34/3000
Epoch 35/3000
Epoch 36/3000
Epoch 37/3000
Epoch 38/3000
Epoch 39/3000
Epoch 40/3000
Epoch 41/3000
Epoch 42/3000
Epoch 43/3000
Epoch 44/3000
Epoch 45/3000
Epoch 46/3000
Epoch 47/3000
Epoch 48/3000
Epoch 49/3000
Epoch 50/3000
Epoch 51/3000
Epoch 52/3000
Epoch 53/3000
Epoch 54/3000
Epoch 55/3000
Epoch 56/3000
Epoch 57/3000
Epoch 58/3000
Epoch 59/3000
Epoch 1/3000
Epoch 2/3000
Epoch 3/3000
Epoch 4/3000
Epoch 5/3000
Epoch 6/3000
Epoch 7/3000
Epoch 8/3000
Epoch 9/3000
Epoch 10/3000
Epoch 11/3000
Epoch 12/3000
Epoch 13/3000
Epoch 14/3000
Epoch 15/3000
Epoch 16/3000
Epoch 17/3000
Epoch 18/3000
Epoch 19/3000
Epoch 20/3000
Epoch 21/3000
Epoch 22/3000
Epoch 23/3000
Epoch 24/3000
Epoch 25/3000
Epoch 26/3000
Epoch 27/3000
Epoch 28/3000
Epoch 29/3000
Epoch 30/3000
Epoch 31/3000
Epoch 32/3000
Epoch 33/3000
Epoch 34/3000
Epoch 35/3000
Epoch 36/3000
Epoch 37/3000
Epoch 38/3000
Epoch 39/3000
Epoch 40/3000
Epoch 41/3000
Epoch 42/3000
Epoch 43/3000
Epoch 44/3000
Epoch 45/3000
Epoch 46/3000
Epoch 47/3000
Epoch 48/3000
Epoch 49/3000
Epoch 50/3000
Epoch 51/3000
Epoch 52/3000
Epoch 53/3000
Epoch 54/3000
Epoch 55/3000
Epoch 56/3000
Epoch 57/3000
Epoch 58/3000
Epoch 59/3000
Epoch 60/3000
Epoch 61/3000
Epoch 62/3000
Epoch 63/3000
Epoch 64/3000
Epoch 65/3000
Epoch 66/3000
Epoch 67/3000
Epoch 68/3000
Epoch 69/3000
Epoch 70/3000
Epoch 71/3000
Epoch 72/3000
Epoch 73/3000
Epoch 74/3000
Epoch 75/3000
Epoch 76/3000
Epoch 77/3000
Epoch 78/3000
Epoch 79/3000
Epoch 80/3000
Epoch 81/3000
Epoch 82/3000
Epoch 83/3000
Epoch 84/3000
Epoch 85/3000
Epoch 86/3000
Epoch 87/3000
Epoch 88/3000
Epoch 89/3000
Epoch 90/3000
Epoch 91/3000
Epoch 92/3000
Epoch 93/3000
Epoch 94/3000
Epoch 95/3000
Epoch 96/3000
Epoch 97/3000
Epoch 98/3000
Epoch 99/3000
Epoch 100/3000
Epoch 101/3000
Epoch 102/3000
Epoch 103/3000
Epoch 104/3000
Epoch 105/3000
Epoch 106/3000
Epoch 107/3000
Epoch 108/3000
Epoch 109/3000
Epoch 110/3000
Epoch 111/3000
Epoch 112/3000
Epoch 113/3000
Epoch 114/3000
Epoch 115/3000
Epoch 116/3000
Epoch 117/3000
Epoch 118/3000
Epoch 119/3000
Epoch 120/3000
Epoch 121/3000
Epoch 122/3000
Epoch 123/3000
Epoch 124/3000
Epoch 125/3000
Epoch 126/3000
Epoch 127/3000
Epoch 128/3000

Trial 43 Complete [00h 05m 20s]
val_loss: 47425.77734375

Best val_loss So Far: 171.6170654296875
Total elapsed time: 00h 05m 20s

Search: Running Trial #44

Value             |Best Value So Far |Hyperparameter
7                 |5                 |n_hidden_layers
16                |32                |units_mult
2                 |1.5               |unit_decrease_factor
True              |True              |batch_normalization
True              |False             |input_batch_normalization
0.5               |0.2               |dropout

Epoch 1/3000
Epoch 2/3000
Epoch 3/3000
Epoch 4/3000
Epoch 5/3000
Epoch 6/3000
Epoch 7/3000
Epoch 8/3000
Epoch 9/3000
Epoch 10/3000
Epoch 11/3000
Epoch 12/3000
Epoch 13/3000
Epoch 14/3000
Epoch 15/3000
Epoch 16/3000
Epoch 17/3000
Epoch 18/3000
Epoch 19/3000
Epoch 20/3000
Epoch 21/3000
Epoch 22/3000
Epoch 23/3000
Epoch 24/3000
Epoch 25/3000
Epoch 26/3000
Epoch 27/3000
Epoch 28/3000
Epoch 29/3000
Epoch 30/3000
Epoch 31/3000
Epoch 32/3000
Epoch 33/3000
Epoch 34/3000
Epoch 35/3000
Epoch 36/3000
Epoch 37/3000
Epoch 38/3000
Epoch 39/3000
Epoch 40/3000
Epoch 41/3000
Epoch 42/3000
Epoch 43/3000
Epoch 44/3000
Epoch 45/3000
Epoch 46/3000
Epoch 47/3000
Epoch 48/3000
Epoch 49/3000
Epoch 50/3000
Epoch 51/3000
Epoch 52/3000
Epoch 53/3000
Epoch 54/3000
Epoch 55/3000
Epoch 56/3000
Epoch 57/3000
Epoch 58/3000
Epoch 59/3000
Epoch 60/3000
Epoch 61/3000
Epoch 62/3000
Epoch 63/3000
Epoch 64/3000
Epoch 65/3000
Epoch 66/3000
Epoch 67/3000
Epoch 68/3000
Epoch 69/3000
Epoch 70/3000
Epoch 71/3000
Epoch 72/3000
Epoch 73/3000
Epoch 74/3000
Epoch 75/3000
Epoch 76/3000
Epoch 77/3000
Epoch 78/3000
Epoch 79/3000
Epoch 80/3000
Epoch 81/3000
Epoch 82/3000
Epoch 83/3000
Epoch 84/3000
Epoch 85/3000
Epoch 86/3000
Epoch 87/3000
Epoch 88/3000
Epoch 89/3000
Epoch 90/3000
Epoch 91/3000
Epoch 92/3000
Epoch 93/3000
Epoch 94/3000
Epoch 95/3000
Epoch 96/3000
Epoch 97/3000
Epoch 98/3000
Epoch 99/3000
Epoch 100/3000
Epoch 101/3000
Epoch 102/3000
Epoch 103/3000
Epoch 104/3000
Epoch 105/3000
Epoch 106/3000
Epoch 107/3000
Epoch 108/3000
Epoch 109/3000
Epoch 110/3000
Epoch 111/3000
Epoch 112/3000
Epoch 113/3000
Epoch 114/3000
Epoch 115/3000
Epoch 116/3000
Epoch 117/3000
Epoch 118/3000
Epoch 119/3000
Epoch 120/3000
Epoch 121/3000
Epoch 122/3000
Epoch 123/3000
Epoch 124/3000
Epoch 125/3000
Epoch 126/3000
Epoch 127/3000
Epoch 128/3000
Epoch 129/3000
Epoch 130/3000
Epoch 131/3000
Epoch 132/3000
Epoch 133/3000
Epoch 134/3000
Epoch 135/3000
Epoch 136/3000
Epoch 137/3000
Epoch 138/3000
Epoch 139/3000
Epoch 140/3000
Epoch 141/3000
Epoch 142/3000
Epoch 143/3000
Epoch 144/3000
Epoch 145/3000
Epoch 146/3000
Epoch 147/3000
Epoch 148/3000
Epoch 149/3000
Epoch 150/3000
Epoch 151/3000
Epoch 152/3000
Epoch 153/3000
Epoch 154/3000
Epoch 155/3000
Epoch 156/3000
Epoch 157/3000
Epoch 158/3000
Epoch 159/3000
Epoch 160/3000
Epoch 161/3000
Epoch 162/3000
Epoch 163/3000
Epoch 164/3000
Epoch 165/3000
Epoch 166/3000
Epoch 167/3000
Epoch 168/3000
Epoch 169/3000
Epoch 170/3000
Epoch 171/3000
Epoch 172/3000
Epoch 173/3000
Epoch 174/3000
Epoch 175/3000
Epoch 176/3000
Epoch 177/3000
Epoch 178/3000
Epoch 179/3000
Epoch 180/3000
Epoch 181/3000
Epoch 182/3000
Epoch 183/3000
Epoch 184/3000
Epoch 185/3000
Epoch 186/3000
Epoch 187/3000
Epoch 188/3000
Epoch 189/3000
Epoch 190/3000
Epoch 191/3000
Epoch 192/3000
Epoch 193/3000
Epoch 194/3000
Epoch 195/3000
Epoch 196/3000
Epoch 197/3000
Epoch 198/3000
Epoch 199/3000
Epoch 200/3000
Epoch 201/3000
Epoch 202/3000
Epoch 203/3000
Epoch 204/3000
Epoch 205/3000
Epoch 206/3000
Epoch 207/3000
Epoch 208/3000
Epoch 209/3000
Epoch 210/3000
Epoch 211/3000
Epoch 212/3000
Epoch 213/3000
Epoch 214/3000
Epoch 215/3000
Epoch 216/3000
Epoch 217/3000
Epoch 218/3000
Epoch 219/3000
Epoch 220/3000
Epoch 221/3000
Epoch 222/3000
Epoch 223/3000
Epoch 224/3000
Epoch 225/3000
Epoch 226/3000
Epoch 227/3000
Epoch 228/3000
Epoch 229/3000
Epoch 230/3000
Epoch 231/3000
Epoch 232/3000
Epoch 233/3000
Epoch 234/3000
Epoch 235/3000
Epoch 1/3000
Epoch 2/3000
Epoch 3/3000
Epoch 4/3000
Epoch 5/3000
Epoch 6/3000
Epoch 7/3000
Epoch 8/3000
Epoch 9/3000
Epoch 10/3000
Epoch 11/3000
Epoch 12/3000
Epoch 13/3000
Epoch 14/3000
Epoch 15/3000
Epoch 16/3000
Epoch 17/3000
Epoch 18/3000
Epoch 19/3000
Epoch 20/3000
Epoch 21/3000
Epoch 22/3000
Epoch 23/3000
Epoch 24/3000
Epoch 25/3000
Epoch 26/3000
Epoch 27/3000
Epoch 28/3000
Epoch 29/3000
Epoch 30/3000
Epoch 31/3000
Epoch 32/3000
Epoch 33/3000
Epoch 34/3000
Epoch 35/3000
Epoch 36/3000
Epoch 37/3000
Epoch 38/3000
Epoch 39/3000
Epoch 40/3000
Epoch 41/3000
Epoch 42/3000
Epoch 43/3000
Epoch 44/3000
Epoch 45/3000
Epoch 46/3000
Epoch 47/3000
Epoch 48/3000
Epoch 49/3000
Epoch 50/3000
Epoch 51/3000
Epoch 52/3000
Epoch 53/3000
Epoch 54/3000
Epoch 55/3000
Epoch 56/3000
Epoch 57/3000
Epoch 58/3000
Epoch 59/3000
Epoch 60/3000
Epoch 61/3000
Epoch 62/3000
Epoch 63/3000
Epoch 64/3000
Epoch 65/3000
Epoch 66/3000
Epoch 67/3000
Epoch 68/3000
Epoch 69/3000
Epoch 70/3000
Epoch 71/3000
Epoch 72/3000
Epoch 73/3000
Epoch 74/3000
Epoch 75/3000
Epoch 76/3000
Epoch 77/3000
Epoch 78/3000
Epoch 79/3000
Epoch 80/3000
Epoch 81/3000
Epoch 82/3000
Epoch 83/3000
Epoch 84/3000
Epoch 85/3000
Epoch 86/3000
Epoch 87/3000
Epoch 88/3000
Epoch 89/3000
Epoch 90/3000
Epoch 91/3000
Epoch 92/3000
Epoch 93/3000
Epoch 94/3000
Epoch 95/3000
Epoch 96/3000
Epoch 97/3000
Epoch 98/3000
Epoch 99/3000
Epoch 100/3000
Epoch 101/3000
Epoch 102/3000
Epoch 103/3000
Epoch 104/3000
Epoch 105/3000
Epoch 106/3000
Epoch 107/3000
Epoch 108/3000
Epoch 109/3000
Epoch 110/3000
Epoch 111/3000
Epoch 112/3000
Epoch 113/3000
Epoch 114/3000
Epoch 115/3000
Epoch 116/3000
Epoch 117/3000
Epoch 118/3000
Epoch 119/3000
Epoch 120/3000
Epoch 121/3000
Epoch 122/3000
Epoch 123/3000
Epoch 124/3000
Epoch 125/3000
Epoch 126/3000
Epoch 127/3000
Epoch 128/3000
Epoch 129/3000
Epoch 130/3000
Epoch 131/3000
Epoch 132/3000
Epoch 133/3000
Epoch 134/3000
Epoch 135/3000
Epoch 136/3000
Epoch 137/3000
Epoch 138/3000
Epoch 139/3000
Epoch 140/3000
Epoch 141/3000
Epoch 142/3000
Epoch 143/3000
Epoch 144/3000
Epoch 145/3000
Epoch 146/3000
Epoch 147/3000
Epoch 148/3000
Epoch 149/3000
Epoch 150/3000
Epoch 151/3000
Epoch 152/3000
Epoch 153/3000
Epoch 154/3000
Epoch 155/3000
Epoch 156/3000
Epoch 157/3000
Epoch 158/3000
Epoch 159/3000
Epoch 160/3000
Epoch 161/3000
Epoch 162/3000
Epoch 163/3000
Epoch 164/3000
Epoch 165/3000
Epoch 166/3000
Epoch 167/3000
Epoch 168/3000
Epoch 169/3000
Epoch 170/3000
Epoch 171/3000
Epoch 172/3000
Epoch 173/3000

Trial 44 Complete [00h 01m 51s]
val_loss: 268.5948944091797

Best val_loss So Far: 171.6170654296875
Total elapsed time: 00h 07m 38s

Search: Running Trial #45

Value             |Best Value So Far |Hyperparameter
8                 |5                 |n_hidden_layers
16                |32                |units_mult
1.5               |1.5               |unit_decrease_factor
True              |True              |batch_normalization
True              |False             |input_batch_normalization
0.2               |0.2               |dropout

Epoch 1/3000
Epoch 2/3000
Epoch 3/3000
Epoch 4/3000
Epoch 5/3000
Epoch 6/3000
Epoch 7/3000
Epoch 8/3000
Epoch 9/3000
Epoch 10/3000
Epoch 11/3000
Epoch 12/3000
Epoch 13/3000
Epoch 14/3000
Epoch 15/3000
Epoch 16/3000
Epoch 17/3000
Epoch 18/3000
Epoch 19/3000
Epoch 20/3000
Epoch 21/3000
Epoch 22/3000
Epoch 23/3000
Epoch 24/3000
Epoch 25/3000
Epoch 26/3000
Epoch 27/3000
Epoch 28/3000
Epoch 29/3000
Epoch 30/3000
Epoch 31/3000
Epoch 32/3000
Epoch 33/3000
Epoch 34/3000
Epoch 35/3000
Epoch 36/3000
Epoch 37/3000
Epoch 38/3000
Epoch 39/3000
Epoch 40/3000
Epoch 41/3000
Epoch 42/3000
Epoch 43/3000
Epoch 44/3000
Epoch 45/3000
Epoch 46/3000
Epoch 47/3000
Epoch 48/3000
Epoch 49/3000
Epoch 50/3000
Epoch 51/3000
Epoch 52/3000
Epoch 53/3000
Epoch 54/3000
Epoch 55/3000
Epoch 56/3000
Epoch 57/3000
Epoch 58/3000
Epoch 59/3000
Epoch 60/3000
Epoch 61/3000
Epoch 62/3000
Epoch 63/3000
Epoch 64/3000
Epoch 65/3000
Epoch 66/3000
Epoch 67/3000
Epoch 68/3000
Epoch 69/3000
Epoch 70/3000
Epoch 71/3000
Epoch 72/3000
Epoch 73/3000
Epoch 74/3000
Epoch 75/3000
Epoch 76/3000
Epoch 77/3000
Epoch 78/3000
Epoch 79/3000
Epoch 80/3000
Epoch 81/3000
Epoch 82/3000
Epoch 83/3000
Epoch 84/3000
Epoch 85/3000
Epoch 86/3000
Epoch 87/3000
Epoch 88/3000
Epoch 89/3000
Epoch 90/3000
Epoch 91/3000
Epoch 92/3000
Epoch 93/3000
Epoch 94/3000
Epoch 95/3000
Epoch 96/3000
Epoch 97/3000
Epoch 98/3000
Epoch 99/3000
Epoch 100/3000
Epoch 101/3000
Epoch 102/3000
Epoch 103/3000
Epoch 104/3000
Epoch 105/3000
Epoch 106/3000
Epoch 107/3000
Epoch 108/3000
Epoch 109/3000
Epoch 110/3000
Epoch 111/3000
Epoch 112/3000
Epoch 113/3000
Epoch 114/3000
Epoch 115/3000
Epoch 116/3000
Epoch 117/3000
Epoch 118/3000
Epoch 119/3000
Epoch 120/3000
Epoch 121/3000
Epoch 122/3000
Epoch 123/3000
Epoch 124/3000
Epoch 125/3000
Epoch 126/3000
Epoch 127/3000
Epoch 128/3000
Epoch 129/3000
Epoch 130/3000
Epoch 131/3000
Epoch 132/3000
Epoch 133/3000
Epoch 134/3000
Epoch 135/3000
Epoch 136/3000
Epoch 137/3000
Epoch 138/3000
Epoch 139/3000
Epoch 140/3000
Epoch 141/3000
Epoch 142/3000
Epoch 143/3000
Epoch 144/3000
Epoch 145/3000
Epoch 146/3000
Epoch 147/3000
Epoch 148/3000
Epoch 149/3000
Epoch 150/3000
Epoch 151/3000
Epoch 152/3000
Epoch 153/3000
Epoch 154/3000
Epoch 155/3000
Epoch 156/3000
Epoch 157/3000
Epoch 158/3000
Epoch 159/3000
Epoch 160/3000
Epoch 161/3000
Epoch 162/3000
Epoch 163/3000
Epoch 164/3000
Epoch 165/3000
Epoch 166/3000
Epoch 167/3000
Epoch 168/3000
Epoch 169/3000
Epoch 170/3000
Epoch 171/3000
Epoch 172/3000
Epoch 173/3000
Epoch 174/3000
Epoch 175/3000
Epoch 176/3000
Epoch 177/3000
Epoch 178/3000
Epoch 179/3000
Epoch 180/3000
Epoch 181/3000
Epoch 182/3000
Epoch 183/3000
Epoch 184/3000
Epoch 185/3000
Epoch 186/3000
Epoch 187/3000
Epoch 188/3000
Epoch 189/3000
Epoch 190/3000
Epoch 191/3000
Epoch 192/3000
Epoch 193/3000
Epoch 194/3000
Epoch 195/3000
Epoch 196/3000
Epoch 197/3000
Epoch 198/3000
Epoch 199/3000
Epoch 200/3000
Epoch 201/3000
Epoch 202/3000
Epoch 203/3000
Epoch 204/3000
Epoch 205/3000
Epoch 206/3000
Epoch 207/3000
Epoch 208/3000
Epoch 209/3000
Epoch 210/3000
Epoch 211/3000
Epoch 212/3000
Epoch 213/3000
Epoch 214/3000
Epoch 215/3000
Epoch 216/3000
Epoch 217/3000
Epoch 218/3000
Epoch 219/3000
Epoch 220/3000
Epoch 221/3000
Epoch 222/3000
Epoch 223/3000
Epoch 1/3000
Epoch 2/3000
Epoch 3/3000
Epoch 4/3000
Epoch 5/3000
Epoch 6/3000
Epoch 7/3000
Epoch 8/3000
Epoch 9/3000
Epoch 10/3000
Epoch 11/3000
Epoch 12/3000
Epoch 13/3000
Epoch 14/3000
Epoch 15/3000
Epoch 16/3000
Epoch 17/3000
Epoch 18/3000
Epoch 19/3000
Epoch 20/3000
Epoch 21/3000
Epoch 22/3000
Epoch 23/3000
Epoch 24/3000
Epoch 25/3000
Epoch 26/3000
Epoch 27/3000
Epoch 28/3000
Epoch 29/3000
Epoch 30/3000
Epoch 31/3000
Epoch 32/3000
Epoch 33/3000
Epoch 34/3000
Epoch 35/3000
Epoch 36/3000
Epoch 37/3000
Epoch 38/3000
Epoch 39/3000
Epoch 40/3000
Epoch 41/3000
Epoch 42/3000
Epoch 43/3000
Epoch 44/3000
Epoch 45/3000
Epoch 46/3000
Epoch 47/3000
Epoch 48/3000
Epoch 49/3000
Epoch 50/3000
Epoch 51/3000
Epoch 52/3000
Epoch 53/3000
Epoch 54/3000
Epoch 55/3000
Epoch 56/3000
Epoch 57/3000
Epoch 58/3000
Epoch 59/3000
Epoch 60/3000
Epoch 61/3000
Epoch 62/3000
Epoch 63/3000
Epoch 64/3000
Epoch 65/3000
Epoch 66/3000
Epoch 67/3000
Epoch 68/3000
Epoch 69/3000
Epoch 70/3000
Epoch 71/3000
Epoch 72/3000
Epoch 73/3000
Epoch 74/3000
Epoch 75/3000
Epoch 76/3000
Epoch 77/3000
Epoch 78/3000
Epoch 79/3000
Epoch 80/3000
Epoch 81/3000
Epoch 82/3000
Epoch 83/3000
Epoch 84/3000
Epoch 85/3000
Epoch 86/3000
Epoch 87/3000
Epoch 88/3000
Epoch 89/3000
Epoch 90/3000
Epoch 91/3000
Epoch 92/3000
Epoch 93/3000
Epoch 94/3000
Epoch 95/3000
Epoch 96/3000
Epoch 97/3000
Epoch 98/3000
Epoch 99/3000
Epoch 100/3000
Epoch 101/3000
Epoch 102/3000
Epoch 103/3000
Epoch 104/3000
Epoch 105/3000
Epoch 106/3000
Epoch 107/3000
Epoch 108/3000
Epoch 109/3000
Epoch 110/3000
Epoch 111/3000
Epoch 112/3000
Epoch 113/3000
Epoch 114/3000
Epoch 115/3000
Epoch 116/3000
Epoch 117/3000
Epoch 118/3000
Epoch 119/3000
Epoch 120/3000
Epoch 121/3000
Epoch 122/3000
Epoch 123/3000
Epoch 124/3000
Epoch 125/3000
Epoch 126/3000
Epoch 127/3000
Epoch 128/3000
Epoch 129/3000
Epoch 130/3000
Epoch 131/3000
Epoch 132/3000
Epoch 133/3000
Epoch 134/3000
Epoch 135/3000
Epoch 136/3000
Epoch 137/3000
Epoch 138/3000
Epoch 139/3000
Epoch 140/3000
Epoch 141/3000
Epoch 142/3000
Epoch 143/3000
Epoch 144/3000
Epoch 145/3000
Epoch 146/3000
Epoch 147/3000
Epoch 148/3000
Epoch 149/3000
Epoch 150/3000
Epoch 151/3000
Epoch 152/3000
Epoch 153/3000
Epoch 154/3000
Epoch 155/3000
Epoch 156/3000
Epoch 157/3000
Epoch 158/3000
Epoch 159/3000
Epoch 160/3000
Epoch 161/3000
Epoch 162/3000
Epoch 163/3000
Epoch 164/3000
Epoch 165/3000
Epoch 166/3000
Epoch 167/3000
Epoch 168/3000
Epoch 169/3000
Epoch 170/3000
Epoch 171/3000
Epoch 172/3000
Epoch 173/3000
Epoch 174/3000
Epoch 175/3000
Epoch 176/3000
Epoch 177/3000
Epoch 178/3000
Epoch 179/3000
Epoch 180/3000
Epoch 181/3000
Epoch 182/3000
Epoch 183/3000
Epoch 184/3000
Epoch 185/3000
Epoch 186/3000
Epoch 187/3000
Epoch 188/3000
Epoch 189/3000
Epoch 190/3000
Epoch 191/3000
Epoch 192/3000
Epoch 193/3000
Epoch 194/3000
Epoch 195/3000
Epoch 196/3000
Epoch 197/3000
Epoch 198/3000
Epoch 199/3000
Epoch 200/3000
Epoch 201/3000
Epoch 202/3000
Epoch 203/3000
Epoch 204/3000
Epoch 205/3000
Epoch 206/3000
Epoch 207/3000
Epoch 208/3000
Epoch 209/3000
Epoch 210/3000

Trial 45 Complete [00h 01m 01s]
val_loss: 182.70890045166016

Best val_loss So Far: 171.6170654296875
Total elapsed time: 00h 08m 55s

Search: Running Trial #46

Value             |Best Value So Far |Hyperparameter
6                 |5                 |n_hidden_layers
32                |32                |units_mult
1.5               |1.5               |unit_decrease_factor
True              |True              |batch_normalization
True              |False             |input_batch_normalization
0.5               |0.2               |dropout

Epoch 1/3000
Epoch 2/3000
Epoch 3/3000
Epoch 4/3000
Epoch 5/3000
Epoch 6/3000
Epoch 7/3000
Epoch 8/3000
Epoch 9/3000
Epoch 10/3000
Epoch 11/3000
Epoch 12/3000
Epoch 13/3000
Epoch 14/3000
Epoch 15/3000
Epoch 16/3000
Epoch 17/3000
Epoch 18/3000
Epoch 19/3000
Epoch 20/3000
Epoch 21/3000
Epoch 22/3000
Epoch 23/3000
Epoch 24/3000
Epoch 25/3000
Epoch 26/3000
Epoch 27/3000
Epoch 28/3000
Epoch 29/3000
Epoch 30/3000
Epoch 31/3000
Epoch 32/3000
Epoch 33/3000
Epoch 34/3000
Epoch 35/3000
Epoch 36/3000
Epoch 37/3000
Epoch 38/3000
Epoch 39/3000
Epoch 40/3000
Epoch 41/3000
Epoch 42/3000
Epoch 43/3000
Epoch 44/3000
Epoch 45/3000
Epoch 46/3000
Epoch 47/3000
Epoch 48/3000
Epoch 49/3000
Epoch 50/3000
Epoch 51/3000
Epoch 52/3000
Epoch 53/3000
Epoch 54/3000
Epoch 55/3000
Epoch 56/3000
Epoch 57/3000
Epoch 58/3000
Epoch 59/3000
Epoch 60/3000
Epoch 61/3000
Epoch 62/3000
Epoch 63/3000
Epoch 64/3000
Epoch 65/3000
Epoch 66/3000
Epoch 67/3000
Epoch 68/3000
Epoch 69/3000
Epoch 70/3000
Epoch 71/3000
Epoch 72/3000
Epoch 73/3000
Epoch 74/3000
Epoch 75/3000
Epoch 76/3000
Epoch 77/3000
Epoch 78/3000
Epoch 79/3000
Epoch 80/3000
Epoch 81/3000
Epoch 82/3000
Epoch 83/3000
Epoch 84/3000
Epoch 85/3000
Epoch 86/3000
Epoch 87/3000
Epoch 88/3000
Epoch 89/3000
Epoch 90/3000
Epoch 91/3000
Epoch 92/3000
Epoch 93/3000
Epoch 94/3000
Epoch 95/3000
Epoch 96/3000
Epoch 97/3000
Epoch 98/3000
Epoch 99/3000
Epoch 100/3000
Epoch 101/3000
Epoch 102/3000
Epoch 103/3000
Epoch 104/3000
Epoch 105/3000
Epoch 106/3000
Epoch 107/3000
Epoch 108/3000
Epoch 109/3000
Epoch 110/3000
Epoch 111/3000
Epoch 112/3000
Epoch 113/3000
Epoch 114/3000
Epoch 115/3000
Epoch 116/3000
Epoch 117/3000
Epoch 118/3000
Epoch 119/3000
Epoch 120/3000
Epoch 121/3000
Epoch 122/3000
Epoch 123/3000
Epoch 124/3000
Epoch 125/3000
Epoch 126/3000
Epoch 127/3000
Epoch 128/3000
Epoch 129/3000
Epoch 130/3000
Epoch 131/3000
Epoch 132/3000
Epoch 133/3000
Epoch 134/3000
Epoch 135/3000
Epoch 136/3000
Epoch 137/3000
Epoch 138/3000
Epoch 139/3000
Epoch 140/3000
Epoch 141/3000
Epoch 142/3000
Epoch 143/3000
Epoch 144/3000
Epoch 145/3000
Epoch 146/3000
Epoch 147/3000
Epoch 148/3000
Epoch 149/3000
Epoch 150/3000
Epoch 151/3000
Epoch 152/3000
Epoch 153/3000
Epoch 154/3000
Epoch 155/3000
Epoch 156/3000
Epoch 157/3000
Epoch 158/3000
Epoch 159/3000
Epoch 160/3000
Epoch 161/3000
Epoch 162/3000
Epoch 163/3000
Epoch 164/3000
Epoch 165/3000
Epoch 166/3000
Epoch 167/3000
Epoch 168/3000
Epoch 169/3000
Epoch 170/3000
Epoch 171/3000
Epoch 172/3000
Epoch 173/3000
Epoch 174/3000
Epoch 175/3000
Epoch 176/3000
Epoch 177/3000
Epoch 178/3000
Epoch 179/3000
Epoch 180/3000
Epoch 181/3000
Epoch 182/3000
Epoch 183/3000
Epoch 184/3000
Epoch 185/3000
Epoch 186/3000
Epoch 187/3000
Epoch 188/3000
Epoch 189/3000
Epoch 190/3000
Epoch 191/3000
Epoch 192/3000
Epoch 193/3000
Epoch 194/3000
Epoch 195/3000
Epoch 196/3000
Epoch 197/3000
Epoch 198/3000
Epoch 199/3000
Epoch 200/3000
Epoch 201/3000
Epoch 202/3000
Epoch 203/3000
Epoch 204/3000
Epoch 205/3000
Epoch 206/3000
Epoch 207/3000
Epoch 208/3000
Epoch 209/3000
Epoch 210/3000
Epoch 211/3000
Epoch 212/3000
Epoch 213/3000
Epoch 214/3000
Epoch 215/3000
Epoch 216/3000
Epoch 217/3000
Epoch 218/3000
Epoch 219/3000
Epoch 220/3000
Epoch 221/3000
Epoch 222/3000
Epoch 223/3000
Epoch 224/3000
Epoch 225/3000
Epoch 226/3000
Epoch 227/3000
Epoch 228/3000
Epoch 229/3000
Epoch 230/3000
Epoch 231/3000
Epoch 232/3000
Epoch 233/3000
Epoch 234/3000
Epoch 235/3000
Epoch 236/3000
Epoch 237/3000
Epoch 238/3000
Epoch 239/3000
Epoch 240/3000
Epoch 241/3000
Epoch 242/3000
Epoch 243/3000
Epoch 244/3000
Epoch 245/3000
Epoch 246/3000
Epoch 247/3000
Epoch 248/3000
Epoch 249/3000
Epoch 250/3000
Epoch 251/3000
Epoch 252/3000
Epoch 253/3000
Epoch 254/3000
Epoch 255/3000
Epoch 256/3000
Epoch 257/3000
Epoch 258/3000
Epoch 259/3000
Epoch 260/3000
Epoch 261/3000
Epoch 262/3000
Epoch 263/3000
Epoch 264/3000
Epoch 265/3000
Epoch 266/3000
Epoch 267/3000
Epoch 268/3000
Epoch 269/3000
Epoch 270/3000
Epoch 271/3000
Epoch 272/3000
Epoch 273/3000
Epoch 274/3000
Epoch 275/3000
Epoch 276/3000
Epoch 277/3000
Epoch 278/3000
Epoch 279/3000
Epoch 280/3000
Epoch 281/3000
Epoch 282/3000
Epoch 283/3000
Epoch 284/3000
Epoch 285/3000
Epoch 286/3000
Epoch 287/3000
Epoch 288/3000
Epoch 289/3000
Epoch 290/3000
Epoch 291/3000
Epoch 292/3000
Epoch 293/3000
Epoch 294/3000
Epoch 295/3000
Epoch 296/3000
Epoch 297/3000
Epoch 298/3000
Epoch 299/3000
Epoch 300/3000
Epoch 301/3000
Epoch 302/3000
Epoch 303/3000
Epoch 304/3000
Epoch 305/3000
Epoch 306/3000
Epoch 307/3000
Epoch 308/3000
Epoch 309/3000
Epoch 310/3000
Epoch 311/3000
Epoch 312/3000
Epoch 313/3000
Epoch 314/3000
Epoch 315/3000
Epoch 316/3000
Epoch 317/3000
Epoch 318/3000
Epoch 319/3000
Epoch 320/3000
Epoch 321/3000
Epoch 322/3000
Epoch 323/3000
Epoch 324/3000
Epoch 325/3000
Epoch 326/3000
Epoch 327/3000
Epoch 328/3000
Epoch 329/3000
Epoch 330/3000
Epoch 331/3000
Epoch 332/3000
Epoch 333/3000
Epoch 334/3000
Epoch 335/3000
Epoch 336/3000
Epoch 337/3000
Epoch 338/3000
Epoch 339/3000
Epoch 340/3000
Epoch 1/3000
Epoch 2/3000
Epoch 3/3000
Epoch 4/3000
Epoch 5/3000
Epoch 6/3000
Epoch 7/3000
Epoch 8/3000
Epoch 9/3000
Epoch 10/3000
Epoch 11/3000
Epoch 12/3000
Epoch 13/3000
Epoch 14/3000
Epoch 15/3000
Epoch 16/3000
Epoch 17/3000
Epoch 18/3000
Epoch 19/3000
Epoch 20/3000
Epoch 21/3000
Epoch 22/3000
Epoch 23/3000
Epoch 24/3000
Epoch 25/3000
Epoch 26/3000
Epoch 27/3000
Epoch 28/3000
Epoch 29/3000
Epoch 30/3000
Epoch 31/3000
Epoch 32/3000
Epoch 33/3000
Epoch 34/3000
Epoch 35/3000
Epoch 36/3000
Epoch 37/3000
Epoch 38/3000
Epoch 39/3000
Epoch 40/3000
Epoch 41/3000
Epoch 42/3000
Epoch 43/3000
Epoch 44/3000
Epoch 45/3000
Epoch 46/3000
Epoch 47/3000
Epoch 48/3000
Epoch 49/3000
Epoch 50/3000
Epoch 51/3000
Epoch 52/3000
Epoch 53/3000
Epoch 54/3000
Epoch 55/3000
Epoch 56/3000
Epoch 57/3000
Epoch 58/3000
Epoch 59/3000
Epoch 60/3000
Epoch 61/3000
Epoch 62/3000
Epoch 63/3000
Epoch 64/3000
Epoch 65/3000
Epoch 66/3000
Epoch 67/3000
Epoch 68/3000
Epoch 69/3000
Epoch 70/3000
Epoch 71/3000
Epoch 72/3000
Epoch 73/3000
Epoch 74/3000
Epoch 75/3000
Epoch 76/3000
Epoch 77/3000
Epoch 78/3000
Epoch 79/3000
Epoch 80/3000
Epoch 81/3000
Epoch 82/3000
Epoch 83/3000
Epoch 84/3000
Epoch 85/3000
Epoch 86/3000
Epoch 87/3000
Epoch 88/3000
Epoch 89/3000
Epoch 90/3000
Epoch 91/3000
Epoch 92/3000
Epoch 93/3000
Epoch 94/3000
Epoch 95/3000
Epoch 96/3000
Epoch 97/3000
Epoch 98/3000
Epoch 99/3000
Epoch 100/3000
Epoch 101/3000
Epoch 102/3000
Epoch 103/3000
Epoch 104/3000
Epoch 105/3000
Epoch 106/3000
Epoch 107/3000
Epoch 108/3000
Epoch 109/3000
Epoch 110/3000
Epoch 111/3000
Epoch 112/3000
Epoch 113/3000
Epoch 114/3000
Epoch 115/3000
Epoch 116/3000
Epoch 117/3000
Epoch 118/3000
Epoch 119/3000
Epoch 120/3000
Epoch 121/3000
Epoch 122/3000
Epoch 123/3000
Epoch 124/3000
Epoch 125/3000
Epoch 126/3000
Epoch 127/3000
Epoch 128/3000
Epoch 129/3000
Epoch 130/3000
Epoch 131/3000
Epoch 132/3000
Epoch 133/3000
Epoch 134/3000
Epoch 135/3000
Epoch 136/3000
Epoch 137/3000
Epoch 138/3000
Epoch 139/3000
Epoch 140/3000
Epoch 141/3000
Epoch 142/3000
Epoch 143/3000
Epoch 144/3000
Epoch 145/3000
Epoch 146/3000
Epoch 147/3000
Epoch 148/3000
Epoch 149/3000
Epoch 150/3000
Epoch 151/3000
Epoch 152/3000
Epoch 153/3000
Epoch 154/3000
Epoch 155/3000
Epoch 156/3000
Epoch 157/3000
Epoch 158/3000
Epoch 159/3000
Epoch 160/3000
Epoch 161/3000
Epoch 162/3000
Epoch 163/3000
Epoch 164/3000
Epoch 165/3000
Epoch 166/3000
Epoch 167/3000
Epoch 168/3000
Epoch 169/3000
Epoch 170/3000
Epoch 171/3000
Epoch 172/3000
Epoch 173/3000
Epoch 174/3000
Epoch 175/3000
Epoch 176/3000
Epoch 177/3000
Epoch 178/3000
Epoch 179/3000
Epoch 180/3000
Epoch 181/3000
Epoch 182/3000
Epoch 183/3000
Epoch 184/3000
Epoch 185/3000
Epoch 186/3000
Epoch 187/3000
Epoch 188/3000
Epoch 189/3000
Epoch 190/3000
Epoch 191/3000
Epoch 192/3000
Epoch 193/3000
Epoch 194/3000
Epoch 195/3000
Epoch 196/3000
Epoch 197/3000
Epoch 198/3000
Epoch 199/3000
Epoch 200/3000
Epoch 201/3000
Epoch 202/3000
Epoch 203/3000
Epoch 204/3000
Epoch 205/3000
Epoch 206/3000
Epoch 207/3000
Epoch 208/3000
Epoch 209/3000
Epoch 210/3000
Epoch 211/3000
Epoch 212/3000
Epoch 213/3000
Epoch 214/3000
Epoch 215/3000
Epoch 216/3000
Epoch 217/3000
Epoch 218/3000
Epoch 219/3000
Epoch 220/3000
Epoch 221/3000
Epoch 222/3000
Epoch 223/3000
Epoch 224/3000
Epoch 225/3000
Epoch 226/3000
Epoch 227/3000
Epoch 228/3000
Epoch 229/3000
Epoch 230/3000

Trial 46 Complete [00h 00m 59s]
val_loss: 199.08311462402344

Best val_loss So Far: 171.6170654296875
Total elapsed time: 00h 09m 59s

Search: Running Trial #47

Value             |Best Value So Far |Hyperparameter
8                 |5                 |n_hidden_layers
16                |32                |units_mult
2                 |1.5               |unit_decrease_factor
True              |True              |batch_normalization
True              |False             |input_batch_normalization
0.5               |0.2               |dropout

Epoch 1/3000
Epoch 2/3000
Epoch 3/3000
Epoch 4/3000
Epoch 5/3000
Epoch 6/3000
Epoch 7/3000
Epoch 8/3000
Epoch 9/3000
Epoch 10/3000
Epoch 11/3000
Epoch 12/3000
Epoch 13/3000
Epoch 14/3000
Epoch 15/3000
Epoch 16/3000
Epoch 17/3000
Epoch 18/3000
Epoch 19/3000
Epoch 20/3000
Epoch 21/3000
Epoch 22/3000
Epoch 23/3000
Epoch 24/3000
Epoch 25/3000
Epoch 26/3000
Epoch 27/3000
Epoch 28/3000
Epoch 29/3000
Epoch 30/3000
Epoch 31/3000
Epoch 32/3000
Epoch 33/3000
Epoch 34/3000
Epoch 35/3000
Epoch 36/3000
Epoch 37/3000
Epoch 38/3000
Epoch 39/3000
Epoch 40/3000
Epoch 41/3000
Epoch 42/3000
Epoch 43/3000
Epoch 44/3000
Epoch 45/3000
Epoch 46/3000
Epoch 47/3000
Epoch 48/3000
Epoch 49/3000
Epoch 50/3000
Epoch 51/3000
Epoch 52/3000
Epoch 53/3000
Epoch 54/3000
Epoch 55/3000
Epoch 56/3000
Epoch 57/3000
Epoch 58/3000
Epoch 59/3000
Epoch 60/3000
Epoch 61/3000
Epoch 62/3000
Epoch 63/3000
Epoch 64/3000
Epoch 65/3000
Epoch 66/3000
Epoch 67/3000
Epoch 68/3000
Epoch 69/3000
Epoch 70/3000
Epoch 71/3000
Epoch 72/3000
Epoch 73/3000
Epoch 74/3000
Epoch 75/3000
Epoch 76/3000
Epoch 77/3000
Epoch 78/3000
Epoch 79/3000
Epoch 80/3000
Epoch 81/3000
Epoch 82/3000
Epoch 83/3000
Epoch 84/3000
Epoch 85/3000
Epoch 86/3000
Epoch 87/3000
Epoch 88/3000
Epoch 89/3000
Epoch 90/3000
Epoch 91/3000
Epoch 92/3000
Epoch 93/3000
Epoch 94/3000
Epoch 95/3000
Epoch 96/3000
Epoch 97/3000
Epoch 98/3000
Epoch 99/3000
Epoch 100/3000
Epoch 101/3000
Epoch 102/3000
Epoch 103/3000
Epoch 104/3000
Epoch 105/3000
Epoch 106/3000
Epoch 107/3000
Epoch 108/3000
Epoch 109/3000
Epoch 110/3000
Epoch 111/3000
Epoch 112/3000
Epoch 113/3000
Epoch 114/3000
Epoch 115/3000
Epoch 116/3000
Epoch 117/3000
Epoch 118/3000
Epoch 119/3000
Epoch 120/3000
Epoch 121/3000
Epoch 122/3000
Epoch 123/3000
Epoch 124/3000
Epoch 125/3000
Epoch 126/3000
Epoch 127/3000
Epoch 128/3000
Epoch 129/3000
Epoch 130/3000
Epoch 131/3000
Epoch 132/3000
Epoch 133/3000
Epoch 134/3000
Epoch 135/3000
Epoch 136/3000
Epoch 137/3000
Epoch 138/3000
Epoch 139/3000
Epoch 140/3000
Epoch 141/3000
Epoch 142/3000
Epoch 143/3000
Epoch 144/3000
Epoch 145/3000
Epoch 146/3000
Epoch 147/3000
Epoch 148/3000
Epoch 149/3000
Epoch 150/3000
Epoch 151/3000
Epoch 152/3000
Epoch 153/3000
Epoch 154/3000
Epoch 155/3000
Epoch 156/3000
Epoch 157/3000
Epoch 158/3000
Epoch 159/3000
Epoch 160/3000
Epoch 161/3000
Epoch 162/3000
Epoch 163/3000
Epoch 164/3000
Epoch 165/3000
Epoch 166/3000
Epoch 167/3000
Epoch 168/3000
Epoch 169/3000
Epoch 170/3000
Epoch 171/3000
Epoch 172/3000
Epoch 173/3000
Epoch 174/3000
Epoch 175/3000
Epoch 176/3000
Epoch 177/3000
Epoch 178/3000
Epoch 179/3000
Epoch 180/3000
Epoch 181/3000
Epoch 182/3000
Epoch 183/3000
Epoch 184/3000
Epoch 185/3000
Epoch 186/3000
Epoch 187/3000
Epoch 188/3000
Epoch 189/3000
Epoch 190/3000
Epoch 191/3000
Epoch 192/3000
Epoch 193/3000
Epoch 194/3000
Epoch 195/3000
Epoch 196/3000
Epoch 197/3000
Epoch 198/3000
Epoch 199/3000
Epoch 200/3000
Epoch 201/3000
Epoch 202/3000
Epoch 203/3000
Epoch 1/3000
Epoch 2/3000
Epoch 3/3000
Epoch 4/3000
Epoch 5/3000
Epoch 6/3000
Epoch 7/3000
Epoch 8/3000
Epoch 9/3000
Epoch 10/3000
Epoch 11/3000
Epoch 12/3000
Epoch 13/3000
Epoch 14/3000
Epoch 15/3000
Epoch 16/3000
Epoch 17/3000
Epoch 18/3000
Epoch 19/3000
Epoch 20/3000
Epoch 21/3000
Epoch 22/3000
Epoch 23/3000
Epoch 24/3000
Epoch 25/3000
Epoch 26/3000
Epoch 27/3000
Epoch 28/3000
Epoch 29/3000
Epoch 30/3000
Epoch 31/3000
Epoch 32/3000
Epoch 33/3000
Epoch 34/3000
Epoch 35/3000
Epoch 36/3000
Epoch 37/3000
Epoch 38/3000
Epoch 39/3000
Epoch 40/3000
Epoch 41/3000
Epoch 42/3000
Epoch 43/3000
Epoch 44/3000
Epoch 45/3000
Epoch 46/3000
Epoch 47/3000
Epoch 48/3000
Epoch 49/3000
Epoch 50/3000
Epoch 51/3000
Epoch 52/3000
Epoch 53/3000
Epoch 54/3000
Epoch 55/3000
Epoch 56/3000
Epoch 57/3000
Epoch 58/3000
Epoch 59/3000
Epoch 60/3000
Epoch 61/3000
Epoch 62/3000
Epoch 63/3000
Epoch 64/3000
Epoch 65/3000
Epoch 66/3000
Epoch 67/3000
Epoch 68/3000
Epoch 69/3000
Epoch 70/3000
Epoch 71/3000
Epoch 72/3000
Epoch 73/3000
Epoch 74/3000
Epoch 75/3000
Epoch 76/3000
Epoch 77/3000
Epoch 78/3000
Epoch 79/3000
Epoch 80/3000
Epoch 81/3000
Epoch 82/3000
Epoch 83/3000
Epoch 84/3000
Epoch 85/3000
Epoch 86/3000
Epoch 87/3000
Epoch 88/3000
Epoch 89/3000
Epoch 90/3000
Epoch 91/3000
Epoch 92/3000
Epoch 93/3000
Epoch 94/3000
Epoch 95/3000
Epoch 96/3000
Epoch 97/3000
Epoch 98/3000
Epoch 99/3000
Epoch 100/3000
Epoch 101/3000
Epoch 102/3000
Epoch 103/3000
Epoch 104/3000
Epoch 105/3000
Epoch 106/3000
Epoch 107/3000
Epoch 108/3000
Epoch 109/3000
Epoch 110/3000
Epoch 111/3000
Epoch 112/3000
Epoch 113/3000
Epoch 114/3000
Epoch 115/3000
Epoch 116/3000
Epoch 117/3000
Epoch 118/3000
Epoch 119/3000
Epoch 120/3000
Epoch 121/3000
Epoch 122/3000
Epoch 123/3000
Epoch 124/3000
Epoch 125/3000
Epoch 126/3000
Epoch 127/3000
Epoch 128/3000
Epoch 129/3000
Epoch 130/3000
Epoch 131/3000
Epoch 132/3000
Epoch 133/3000
Epoch 134/3000
Epoch 135/3000
Epoch 136/3000
Epoch 137/3000
Epoch 138/3000
Epoch 139/3000
Epoch 140/3000
Epoch 141/3000
Epoch 142/3000
Epoch 143/3000
Epoch 144/3000
Epoch 145/3000
Epoch 146/3000
Epoch 147/3000
Epoch 148/3000
Epoch 149/3000
Epoch 150/3000
Epoch 151/3000
Epoch 152/3000
Epoch 153/3000
Epoch 154/3000
Epoch 155/3000
Epoch 156/3000
Epoch 157/3000
Epoch 158/3000
Epoch 159/3000
Epoch 160/3000
Epoch 161/3000

Trial 47 Complete [00h 03m 25s]
val_loss: 273.3096618652344

Best val_loss So Far: 171.6170654296875
Total elapsed time: 00h 13m 31s

Search: Running Trial #48

Value             |Best Value So Far |Hyperparameter
8                 |5                 |n_hidden_layers
32                |32                |units_mult
2                 |1.5               |unit_decrease_factor
True              |True              |batch_normalization
False             |False             |input_batch_normalization
0.5               |0.2               |dropout

Epoch 1/3000
Epoch 2/3000
Epoch 3/3000
Epoch 4/3000
Epoch 5/3000
Epoch 6/3000
Epoch 7/3000
Epoch 8/3000
Epoch 9/3000
Epoch 10/3000
Epoch 11/3000
Epoch 12/3000
Epoch 13/3000
Epoch 14/3000
Epoch 15/3000
Epoch 16/3000
Epoch 17/3000
Epoch 18/3000
Epoch 19/3000
Epoch 20/3000
Epoch 21/3000
Epoch 22/3000
Epoch 23/3000
Epoch 24/3000
Epoch 25/3000
Epoch 26/3000
Epoch 27/3000
Epoch 28/3000
Epoch 29/3000
Epoch 30/3000
Epoch 31/3000
Epoch 32/3000
Epoch 33/3000
Epoch 34/3000
Epoch 35/3000
Epoch 36/3000
Epoch 37/3000
Epoch 38/3000
Epoch 39/3000
Epoch 40/3000
Epoch 41/3000
Epoch 42/3000
Epoch 43/3000
Epoch 44/3000
Epoch 45/3000
Epoch 46/3000
Epoch 47/3000
Epoch 48/3000
Epoch 49/3000
Epoch 50/3000
Epoch 51/3000
Epoch 52/3000
Epoch 53/3000
Epoch 54/3000
Epoch 55/3000
Epoch 56/3000
Epoch 57/3000
Epoch 58/3000
Epoch 59/3000
Epoch 60/3000
Epoch 61/3000
Epoch 62/3000
Epoch 63/3000
Epoch 64/3000
Epoch 65/3000
Epoch 66/3000
Epoch 67/3000
Epoch 68/3000
Epoch 69/3000
Epoch 70/3000
Epoch 71/3000
Epoch 72/3000
Epoch 73/3000
Epoch 74/3000
Epoch 75/3000
Epoch 76/3000
Epoch 77/3000
Epoch 78/3000
Epoch 79/3000
Epoch 80/3000
Epoch 81/3000
Epoch 82/3000
Epoch 83/3000
Epoch 84/3000
Epoch 85/3000
Epoch 86/3000
Epoch 87/3000
Epoch 88/3000
Epoch 89/3000
Epoch 90/3000
Epoch 91/3000
Epoch 92/3000
Epoch 93/3000
Epoch 94/3000
Epoch 95/3000
Epoch 96/3000
Epoch 97/3000
Epoch 98/3000
Epoch 99/3000
Epoch 100/3000
Epoch 101/3000
Epoch 102/3000
Epoch 103/3000
Epoch 104/3000
Epoch 105/3000
Epoch 106/3000
Epoch 107/3000
Epoch 108/3000
Epoch 109/3000
Epoch 110/3000
Epoch 111/3000
Epoch 112/3000
Epoch 113/3000
Epoch 114/3000
Epoch 115/3000
Epoch 116/3000
Epoch 117/3000
Epoch 118/3000
Epoch 119/3000
Epoch 120/3000
Epoch 121/3000
Epoch 122/3000
Epoch 123/3000
Epoch 124/3000
Epoch 125/3000
Epoch 126/3000
Epoch 127/3000
Epoch 128/3000
Epoch 129/3000
Epoch 130/3000
Epoch 131/3000
Epoch 132/3000
Epoch 133/3000
Epoch 134/3000
Epoch 135/3000
Epoch 136/3000
Epoch 137/3000
Epoch 138/3000
Epoch 139/3000
Epoch 140/3000
Epoch 141/3000
Epoch 142/3000
Epoch 143/3000
Epoch 144/3000
Epoch 145/3000
Epoch 146/3000
Epoch 147/3000
Epoch 148/3000
Epoch 149/3000
Epoch 150/3000
Epoch 151/3000
Epoch 152/3000
Epoch 153/3000
Epoch 154/3000
Epoch 155/3000
Epoch 156/3000
Epoch 157/3000
Epoch 158/3000
Epoch 159/3000
Epoch 160/3000
Epoch 161/3000
Epoch 162/3000
Epoch 163/3000
Epoch 164/3000
Epoch 165/3000
Epoch 166/3000
Epoch 167/3000
Epoch 168/3000
Epoch 169/3000
Epoch 170/3000
Epoch 171/3000
Epoch 172/3000
Epoch 173/3000
Epoch 174/3000
Epoch 175/3000
Epoch 176/3000
Epoch 177/3000
Epoch 178/3000
Epoch 179/3000
Epoch 180/3000
Epoch 181/3000
Epoch 182/3000
Epoch 183/3000
Epoch 184/3000
Epoch 185/3000
Epoch 186/3000
Epoch 187/3000
Epoch 188/3000
Epoch 189/3000
Epoch 190/3000
Epoch 191/3000
Epoch 192/3000
Epoch 193/3000
Epoch 194/3000
Epoch 195/3000
Epoch 196/3000
Epoch 197/3000
Epoch 198/3000
Epoch 199/3000
Epoch 200/3000
Epoch 201/3000
Epoch 202/3000
Epoch 203/3000
Epoch 204/3000
Epoch 205/3000
Epoch 206/3000
Epoch 207/3000
Epoch 208/3000
Epoch 209/3000
Epoch 210/3000
Epoch 211/3000
Epoch 212/3000
Epoch 213/3000
Epoch 214/3000
Epoch 215/3000
Epoch 216/3000
Epoch 217/3000
Epoch 218/3000
Epoch 219/3000
Epoch 220/3000
Epoch 221/3000
Epoch 222/3000
Epoch 223/3000
Epoch 224/3000
Epoch 225/3000
Epoch 226/3000
Epoch 227/3000
Epoch 228/3000
Epoch 229/3000
Epoch 230/3000
Epoch 231/3000
Epoch 232/3000
Epoch 233/3000
Epoch 234/3000
Epoch 235/3000
Epoch 236/3000
Epoch 237/3000
Epoch 238/3000
Epoch 239/3000
Epoch 240/3000
Epoch 241/3000
Epoch 242/3000
Epoch 243/3000
Epoch 244/3000
Epoch 245/3000
Epoch 246/3000
Epoch 247/3000
Epoch 248/3000
Epoch 249/3000
Epoch 250/3000
Epoch 251/3000
Epoch 252/3000
Epoch 253/3000
Epoch 254/3000
Epoch 255/3000
Epoch 256/3000
Epoch 257/3000
Epoch 258/3000
Epoch 259/3000
Epoch 260/3000
Epoch 261/3000
Epoch 262/3000
Epoch 263/3000
Epoch 264/3000
Epoch 265/3000
Epoch 266/3000
Epoch 267/3000
Epoch 268/3000
Epoch 269/3000
Epoch 270/3000
Epoch 271/3000
Epoch 272/3000
Epoch 273/3000
Epoch 274/3000
Epoch 275/3000
Epoch 276/3000
Epoch 277/3000
Epoch 278/3000
Epoch 279/3000
Epoch 280/3000
Epoch 281/3000
Epoch 282/3000
Epoch 283/3000
Epoch 284/3000
Epoch 285/3000
Epoch 286/3000
Epoch 287/3000
Epoch 288/3000
Epoch 289/3000
Epoch 290/3000
Epoch 291/3000
Epoch 292/3000
Epoch 293/3000
Epoch 294/3000
Epoch 295/3000
Epoch 296/3000
Epoch 297/3000
Epoch 298/3000
Epoch 299/3000
Epoch 300/3000
Epoch 301/3000
Epoch 302/3000
Epoch 303/3000
Epoch 304/3000
Epoch 305/3000
Epoch 306/3000
Epoch 307/3000
Epoch 308/3000
Epoch 309/3000
Epoch 310/3000
Epoch 311/3000
Epoch 312/3000
Epoch 313/3000
Epoch 314/3000
Epoch 315/3000
Epoch 316/3000
Epoch 317/3000
Epoch 318/3000
Epoch 319/3000
Epoch 320/3000
Epoch 321/3000
Epoch 322/3000
Epoch 323/3000
Epoch 324/3000
Epoch 325/3000
Epoch 326/3000
Epoch 327/3000
Epoch 328/3000
Epoch 329/3000
Epoch 330/3000
Epoch 331/3000
Epoch 332/3000
Epoch 333/3000
Epoch 334/3000
Epoch 335/3000
Epoch 336/3000
Epoch 337/3000
Epoch 338/3000
Epoch 339/3000
Epoch 340/3000
Epoch 341/3000
Epoch 342/3000
Epoch 343/3000
Epoch 344/3000
Epoch 345/3000
Epoch 346/3000
Epoch 347/3000
Epoch 348/3000
Epoch 349/3000
Epoch 350/3000
Epoch 351/3000
Epoch 352/3000
Epoch 353/3000
Epoch 354/3000
Epoch 355/3000
Epoch 356/3000
Epoch 357/3000
Epoch 358/3000
Epoch 359/3000
Epoch 360/3000
Epoch 361/3000
Epoch 362/3000
Epoch 363/3000
Epoch 364/3000
Epoch 365/3000
Epoch 366/3000
Epoch 367/3000
Epoch 368/3000
Epoch 369/3000
Epoch 370/3000
Epoch 371/3000
Epoch 372/3000
Epoch 373/3000
Epoch 374/3000
Epoch 375/3000
Epoch 376/3000
Epoch 377/3000
Epoch 378/3000
Epoch 379/3000
Epoch 380/3000
Epoch 381/3000
Epoch 382/3000
Epoch 383/3000
Epoch 384/3000
Epoch 1/3000
Epoch 2/3000
Epoch 3/3000
Epoch 4/3000
Epoch 5/3000
Epoch 6/3000
Epoch 7/3000
Epoch 8/3000
Epoch 9/3000
Epoch 10/3000
Epoch 11/3000
Epoch 12/3000
Epoch 13/3000
Epoch 14/3000
Epoch 15/3000
Epoch 16/3000
Epoch 17/3000
Epoch 18/3000
Epoch 19/3000
Epoch 20/3000
Epoch 21/3000
Epoch 22/3000
Epoch 23/3000
Epoch 24/3000
Epoch 25/3000
Epoch 26/3000
Epoch 27/3000
Epoch 28/3000
Epoch 29/3000
Epoch 30/3000
Epoch 31/3000
Epoch 32/3000
Epoch 33/3000
Epoch 34/3000
Epoch 35/3000
Epoch 36/3000
Epoch 37/3000
Epoch 38/3000
Epoch 39/3000
Epoch 40/3000
Epoch 41/3000
Epoch 42/3000
Epoch 43/3000
Epoch 44/3000
Epoch 45/3000
Epoch 46/3000
Epoch 47/3000
Epoch 48/3000
Epoch 49/3000
Epoch 50/3000
Epoch 51/3000
Epoch 52/3000
Epoch 53/3000
Epoch 54/3000
Epoch 55/3000
Epoch 56/3000
Epoch 57/3000
Epoch 58/3000
Epoch 59/3000
Epoch 60/3000
Epoch 61/3000
Epoch 62/3000
Epoch 63/3000
Epoch 64/3000
Epoch 65/3000
Epoch 66/3000
Epoch 67/3000
Epoch 68/3000
Epoch 69/3000
Epoch 70/3000
Epoch 71/3000
Epoch 72/3000
Epoch 73/3000
Epoch 74/3000
Epoch 75/3000
Epoch 76/3000
Epoch 77/3000
Epoch 78/3000
Epoch 79/3000
Epoch 80/3000
Epoch 81/3000
Epoch 82/3000
Epoch 83/3000
Epoch 84/3000
Epoch 85/3000
Epoch 86/3000
Epoch 87/3000
Epoch 88/3000
Epoch 89/3000
Epoch 90/3000
Epoch 91/3000
Epoch 92/3000
Epoch 93/3000
Epoch 94/3000
Epoch 95/3000
Epoch 96/3000
Epoch 97/3000
Epoch 98/3000
Epoch 99/3000
Epoch 100/3000
Epoch 101/3000
Epoch 102/3000
Epoch 103/3000
Epoch 104/3000
Epoch 105/3000
Epoch 106/3000
Epoch 107/3000
Epoch 108/3000
Epoch 109/3000
Epoch 110/3000
Epoch 111/3000
Epoch 112/3000
Epoch 113/3000
Epoch 114/3000
Epoch 115/3000
Epoch 116/3000
Epoch 117/3000
Epoch 118/3000
Epoch 119/3000
Epoch 120/3000
Epoch 121/3000
Epoch 122/3000
Epoch 123/3000
Epoch 124/3000
Epoch 125/3000
Epoch 126/3000
Epoch 127/3000
Epoch 128/3000
Epoch 129/3000
Epoch 130/3000
Epoch 131/3000
Epoch 132/3000
Epoch 133/3000
Epoch 134/3000
Epoch 135/3000
Epoch 136/3000
Epoch 137/3000
Epoch 138/3000
Epoch 139/3000
Epoch 140/3000
Epoch 141/3000
Epoch 142/3000
Epoch 143/3000
Epoch 144/3000
Epoch 145/3000
Epoch 146/3000
Epoch 147/3000
Epoch 148/3000
Epoch 149/3000
Epoch 150/3000
Epoch 151/3000
Epoch 152/3000
Epoch 153/3000
Epoch 154/3000
Epoch 155/3000
Epoch 156/3000
Epoch 157/3000
Epoch 158/3000
Epoch 159/3000
Epoch 160/3000
Epoch 161/3000
Epoch 162/3000
Epoch 163/3000
Epoch 164/3000
Epoch 165/3000
Epoch 166/3000
Epoch 167/3000
Epoch 168/3000
Epoch 169/3000
Epoch 170/3000
Epoch 171/3000
Epoch 172/3000
Epoch 173/3000
Epoch 174/3000
Epoch 175/3000
Epoch 176/3000
Epoch 177/3000
Epoch 178/3000
Epoch 179/3000
Epoch 180/3000
Epoch 181/3000
Epoch 182/3000
Epoch 183/3000
Epoch 184/3000
Epoch 185/3000
Epoch 186/3000
Epoch 187/3000
Epoch 188/3000
Epoch 189/3000
Epoch 190/3000
Epoch 191/3000
Epoch 192/3000
Epoch 193/3000
Epoch 194/3000
Epoch 195/3000
Epoch 196/3000
Epoch 197/3000
Epoch 198/3000
Epoch 199/3000
Epoch 200/3000
Epoch 201/3000
Epoch 202/3000
Epoch 203/3000
Epoch 204/3000
Epoch 205/3000
Epoch 206/3000
Epoch 207/3000
Epoch 208/3000
Epoch 209/3000
Epoch 210/3000
Epoch 211/3000
Epoch 212/3000
Epoch 213/3000
Epoch 214/3000
Epoch 215/3000
Epoch 216/3000
Epoch 217/3000
Epoch 218/3000
Epoch 219/3000
Epoch 220/3000
Epoch 221/3000
Epoch 222/3000
Epoch 223/3000
Epoch 224/3000
Epoch 225/3000
Epoch 226/3000
Epoch 227/3000
Epoch 228/3000
Epoch 229/3000
Epoch 230/3000
Epoch 231/3000
Epoch 232/3000
Epoch 233/3000
Epoch 234/3000
Epoch 235/3000
Epoch 236/3000
Epoch 237/3000
Epoch 238/3000
Epoch 239/3000
Epoch 240/3000
Epoch 241/3000
Epoch 242/3000
Epoch 243/3000
Epoch 244/3000
Epoch 245/3000
Epoch 246/3000
Epoch 247/3000
Epoch 248/3000
Epoch 249/3000
Epoch 250/3000
Epoch 251/3000
Epoch 252/3000
Epoch 253/3000
Epoch 254/3000
Epoch 255/3000
Epoch 256/3000
Epoch 257/3000
Epoch 258/3000
Epoch 259/3000
Epoch 260/3000
Epoch 261/3000
Epoch 262/3000
Epoch 263/3000
Epoch 264/3000
Epoch 265/3000
Epoch 266/3000
Epoch 267/3000
Epoch 268/3000
Epoch 269/3000
Epoch 270/3000
Epoch 271/3000
Epoch 272/3000
Epoch 273/3000
Epoch 274/3000
Epoch 275/3000
Epoch 276/3000
Epoch 277/3000
Epoch 278/3000
Epoch 279/3000
Epoch 280/3000
Epoch 281/3000
Epoch 282/3000
Epoch 283/3000
Epoch 284/3000
Epoch 285/3000
Epoch 286/3000
Epoch 287/3000
Epoch 288/3000
Epoch 289/3000
Epoch 290/3000
Epoch 291/3000
Epoch 292/3000
Epoch 293/3000
Epoch 294/3000
Epoch 295/3000
Epoch 296/3000
Epoch 297/3000
Epoch 298/3000
Epoch 299/3000
Epoch 300/3000
Epoch 301/3000
Epoch 302/3000
Epoch 303/3000
Epoch 304/3000
Epoch 305/3000
Epoch 306/3000
Epoch 307/3000
Epoch 308/3000
Epoch 309/3000
Epoch 310/3000
Epoch 311/3000
Epoch 312/3000
Epoch 313/3000
Epoch 314/3000
Epoch 315/3000
Epoch 316/3000
Epoch 317/3000
Epoch 318/3000
Epoch 319/3000
Epoch 320/3000

Trial 48 Complete [00h 18m 00s]
val_loss: 185.4002456665039

Best val_loss So Far: 171.6170654296875
Total elapsed time: 00h 31m 54s

Search: Running Trial #49

Value             |Best Value So Far |Hyperparameter
8                 |5                 |n_hidden_layers
32                |32                |units_mult
2                 |1.5               |unit_decrease_factor
True              |True              |batch_normalization
True              |False             |input_batch_normalization
0.5               |0.2               |dropout

Epoch 1/3000
Epoch 2/3000
Epoch 3/3000
Epoch 4/3000
Epoch 5/3000
Epoch 6/3000
Epoch 7/3000
Epoch 8/3000
Epoch 9/3000
Epoch 10/3000
Epoch 11/3000
Epoch 12/3000
Epoch 13/3000
Epoch 14/3000
Epoch 15/3000
Epoch 16/3000
Epoch 17/3000
Epoch 18/3000
Epoch 19/3000
Epoch 20/3000
Epoch 21/3000
Epoch 22/3000
Epoch 23/3000
Epoch 24/3000
Epoch 25/3000
Epoch 26/3000
Epoch 27/3000
Epoch 28/3000
Epoch 29/3000
Epoch 30/3000
Epoch 31/3000
Epoch 32/3000
Epoch 33/3000
Epoch 34/3000
Epoch 35/3000
Epoch 36/3000
Epoch 37/3000
Epoch 38/3000
Epoch 39/3000
Epoch 40/3000
Epoch 41/3000
Epoch 42/3000
Epoch 43/3000
Epoch 44/3000
Epoch 45/3000
Epoch 46/3000
Epoch 47/3000
Epoch 48/3000
Epoch 49/3000
Epoch 50/3000
Epoch 51/3000
Epoch 52/3000
Epoch 53/3000
Epoch 54/3000
Epoch 55/3000
Epoch 56/3000
Epoch 57/3000
Epoch 58/3000
Epoch 59/3000
Epoch 60/3000
Epoch 61/3000
Epoch 62/3000
Epoch 63/3000
Epoch 64/3000
Epoch 65/3000
Epoch 66/3000
Epoch 67/3000
Epoch 68/3000
Epoch 69/3000
Epoch 70/3000
Epoch 71/3000
Epoch 72/3000
Epoch 73/3000
Epoch 74/3000
Epoch 75/3000
Epoch 76/3000
Epoch 77/3000
Epoch 78/3000
Epoch 79/3000
Epoch 80/3000
Epoch 81/3000
Epoch 82/3000
Epoch 83/3000
Epoch 84/3000
Epoch 85/3000
Epoch 86/3000
Epoch 87/3000
Epoch 88/3000
Epoch 89/3000
Epoch 90/3000
Epoch 91/3000
Epoch 92/3000
Epoch 93/3000
Epoch 94/3000
Epoch 95/3000
Epoch 96/3000
Epoch 97/3000
Epoch 98/3000
Epoch 99/3000
Epoch 100/3000
Epoch 101/3000
Epoch 102/3000
Epoch 103/3000
Epoch 104/3000
Epoch 105/3000
Epoch 106/3000
Epoch 107/3000
Epoch 108/3000
Epoch 109/3000
Epoch 110/3000
Epoch 111/3000
Epoch 112/3000
Epoch 113/3000
Epoch 114/3000
Epoch 115/3000
Epoch 116/3000
Epoch 117/3000
Epoch 118/3000
Epoch 119/3000
Epoch 120/3000
Epoch 121/3000
Epoch 122/3000
Epoch 123/3000
Epoch 124/3000
Epoch 125/3000
Epoch 126/3000
Epoch 127/3000
Epoch 128/3000
Epoch 129/3000
Epoch 130/3000
Epoch 131/3000
Epoch 132/3000
Epoch 133/3000
Epoch 134/3000
Epoch 135/3000
Epoch 136/3000
Epoch 137/3000
Epoch 138/3000
Epoch 139/3000
Epoch 140/3000
Epoch 141/3000
Epoch 142/3000
Epoch 143/3000
Epoch 144/3000
Epoch 145/3000
Epoch 146/3000
Epoch 147/3000
Epoch 148/3000
Epoch 149/3000
Epoch 150/3000
Epoch 151/3000
Epoch 152/3000
Epoch 153/3000
Epoch 154/3000
Epoch 155/3000
Epoch 156/3000
Epoch 157/3000
Epoch 158/3000
Epoch 159/3000
Epoch 160/3000
Epoch 161/3000
Epoch 162/3000
Epoch 163/3000
Epoch 164/3000
Epoch 165/3000
Epoch 166/3000
Epoch 167/3000
Epoch 168/3000
Epoch 169/3000
Epoch 170/3000
Epoch 171/3000
Epoch 172/3000
Epoch 173/3000
Epoch 174/3000
Epoch 175/3000
Epoch 176/3000
Epoch 177/3000
Epoch 178/3000
Epoch 179/3000
Epoch 180/3000
Epoch 181/3000
Epoch 182/3000
Epoch 183/3000
Epoch 184/3000
Epoch 185/3000
Epoch 186/3000
Epoch 187/3000
Epoch 188/3000
Epoch 189/3000
Epoch 190/3000
Epoch 191/3000
Epoch 192/3000
Epoch 193/3000
Epoch 194/3000
Epoch 195/3000
Epoch 196/3000
Epoch 197/3000
Epoch 198/3000
Epoch 199/3000
Epoch 200/3000
Epoch 201/3000
Epoch 202/3000
Epoch 203/3000
Epoch 204/3000
Epoch 205/3000
Epoch 206/3000
Epoch 207/3000
Epoch 208/3000
Epoch 209/3000
Epoch 210/3000
Epoch 211/3000
Epoch 212/3000
Epoch 213/3000
Epoch 214/3000
Epoch 215/3000
Epoch 216/3000
Epoch 217/3000
Epoch 218/3000
Epoch 219/3000
Epoch 220/3000
Epoch 221/3000
Epoch 222/3000
Epoch 223/3000
Epoch 224/3000
Epoch 225/3000
Epoch 226/3000
Epoch 227/3000
Epoch 228/3000
Epoch 229/3000
Epoch 230/3000
Epoch 231/3000
Epoch 232/3000
Epoch 233/3000
Epoch 234/3000
Epoch 235/3000
Epoch 236/3000
Epoch 237/3000
Epoch 238/3000
Epoch 239/3000
Epoch 240/3000
Epoch 241/3000
Epoch 242/3000
Epoch 243/3000
Epoch 244/3000
Epoch 245/3000
Epoch 246/3000
Epoch 247/3000
Epoch 248/3000
Epoch 249/3000
Epoch 250/3000
Epoch 251/3000
Epoch 252/3000
Epoch 253/3000
Epoch 1/3000
Epoch 2/3000
Epoch 3/3000
Epoch 4/3000
Epoch 5/3000
Epoch 6/3000
Epoch 7/3000
Epoch 8/3000
Epoch 9/3000
Epoch 10/3000
Epoch 11/3000
Epoch 12/3000
Epoch 13/3000
Epoch 14/3000
Epoch 15/3000
Epoch 16/3000
Epoch 17/3000
Epoch 18/3000
Epoch 19/3000
Epoch 20/3000
Epoch 21/3000
Epoch 22/3000
Epoch 23/3000
Epoch 24/3000
Epoch 25/3000
Epoch 26/3000
Epoch 27/3000
Epoch 28/3000
Epoch 29/3000
Epoch 30/3000
Epoch 31/3000
Epoch 32/3000
Epoch 33/3000
Epoch 34/3000
Epoch 35/3000
Epoch 36/3000
Epoch 37/3000
Epoch 38/3000
Epoch 39/3000
Epoch 40/3000
Epoch 41/3000
Epoch 42/3000
Epoch 43/3000
Epoch 44/3000
Epoch 45/3000
Epoch 46/3000
Epoch 47/3000
Epoch 48/3000
Epoch 49/3000
Epoch 50/3000
Epoch 51/3000
Epoch 52/3000
Epoch 53/3000
Epoch 54/3000
Epoch 55/3000
Epoch 56/3000
Epoch 57/3000
Epoch 58/3000
Epoch 59/3000
Epoch 60/3000
Epoch 61/3000
Epoch 62/3000
Epoch 63/3000
Epoch 64/3000
Epoch 65/3000
Epoch 66/3000
Epoch 67/3000
Epoch 68/3000
Epoch 69/3000
Epoch 70/3000
Epoch 71/3000
Epoch 72/3000
Epoch 73/3000
Epoch 74/3000
Epoch 75/3000
Epoch 76/3000
Epoch 77/3000
Epoch 78/3000
Epoch 79/3000
Epoch 80/3000
Epoch 81/3000
Epoch 82/3000
Epoch 83/3000
Epoch 84/3000
Epoch 85/3000
Epoch 86/3000
Epoch 87/3000
Epoch 88/3000
Epoch 89/3000
Epoch 90/3000
Epoch 91/3000
Epoch 92/3000
Epoch 93/3000
Epoch 94/3000
Epoch 95/3000
Epoch 96/3000
Epoch 97/3000
Epoch 98/3000
Epoch 99/3000
Epoch 100/3000
Epoch 101/3000
Epoch 102/3000
Epoch 103/3000
Epoch 104/3000
Epoch 105/3000
Epoch 106/3000
Epoch 107/3000
Epoch 108/3000
Epoch 109/3000
Epoch 110/3000
Epoch 111/3000
Epoch 112/3000
Epoch 113/3000
Epoch 114/3000
Epoch 115/3000
Epoch 116/3000
Epoch 117/3000
Epoch 118/3000
Epoch 119/3000
Epoch 120/3000
Epoch 121/3000
Epoch 122/3000
Epoch 123/3000
Epoch 124/3000
Epoch 125/3000
Epoch 126/3000
Epoch 127/3000
Epoch 128/3000
Epoch 129/3000
Epoch 130/3000
Epoch 131/3000
Epoch 132/3000
Epoch 133/3000
Epoch 134/3000
Epoch 135/3000
Epoch 136/3000
Epoch 137/3000
Epoch 138/3000
Epoch 139/3000
Epoch 140/3000
Epoch 141/3000
Epoch 142/3000
Epoch 143/3000
Epoch 144/3000
Epoch 145/3000
Epoch 146/3000
Epoch 147/3000
Epoch 148/3000
Epoch 149/3000
Epoch 150/3000
Epoch 151/3000
Epoch 152/3000
Epoch 153/3000
Epoch 154/3000
Epoch 155/3000
Epoch 156/3000
Epoch 157/3000
Epoch 158/3000
Epoch 159/3000
Epoch 160/3000
Epoch 161/3000
Epoch 162/3000
Epoch 163/3000
Epoch 164/3000
Epoch 165/3000
Epoch 166/3000
Epoch 167/3000
Epoch 168/3000
Epoch 169/3000
Epoch 170/3000
Epoch 171/3000
Epoch 172/3000
Epoch 173/3000
Epoch 174/3000
Epoch 175/3000
Epoch 176/3000
Epoch 177/3000
Epoch 178/3000
Epoch 179/3000
Epoch 180/3000
Epoch 181/3000
Epoch 182/3000
Epoch 183/3000
Epoch 184/3000
Epoch 185/3000
Epoch 186/3000
Epoch 187/3000
Epoch 188/3000
Epoch 189/3000
Epoch 190/3000
Epoch 191/3000
Epoch 192/3000
Epoch 193/3000
Epoch 194/3000
Epoch 195/3000
Epoch 196/3000
Epoch 197/3000
Epoch 198/3000
Epoch 199/3000
Epoch 200/3000
Epoch 201/3000
Epoch 202/3000
Epoch 203/3000
Epoch 204/3000
Epoch 205/3000
Epoch 206/3000
Epoch 207/3000
Epoch 208/3000
Epoch 209/3000
Epoch 210/3000
Epoch 211/3000
Epoch 212/3000
Epoch 213/3000
Epoch 214/3000
Epoch 215/3000
Epoch 216/3000
Epoch 217/3000

Trial 49 Complete [00h 12m 54s]
val_loss: 204.39881134033203

Best val_loss So Far: 171.6170654296875
Total elapsed time: 00h 45m 37s

Search: Running Trial #50

Value             |Best Value So Far |Hyperparameter
8                 |5                 |n_hidden_layers
32                |32                |units_mult
2                 |1.5               |unit_decrease_factor
True              |True              |batch_normalization
True              |False             |input_batch_normalization
0.5               |0.2               |dropout

Epoch 1/3000
Epoch 2/3000
Epoch 3/3000
Epoch 4/3000
Epoch 5/3000
Epoch 6/3000
Epoch 7/3000
Epoch 8/3000
Epoch 9/3000
Epoch 10/3000
Epoch 11/3000
Epoch 12/3000
Epoch 13/3000
Epoch 14/3000
Epoch 15/3000
Epoch 16/3000
Epoch 17/3000
Epoch 18/3000
Epoch 19/3000
Epoch 20/3000
Epoch 21/3000
Epoch 22/3000
Epoch 23/3000
Epoch 24/3000
Epoch 25/3000
Epoch 26/3000
Epoch 27/3000
Epoch 28/3000
Epoch 29/3000
Epoch 30/3000
Epoch 31/3000
Epoch 32/3000
Epoch 33/3000
Epoch 34/3000
Epoch 35/3000
Epoch 36/3000
Epoch 37/3000
Epoch 38/3000
Epoch 39/3000
Epoch 40/3000
Epoch 41/3000
Epoch 42/3000
Epoch 43/3000
Epoch 44/3000
Epoch 45/3000
Epoch 46/3000
Epoch 47/3000
Epoch 48/3000
Epoch 49/3000
Epoch 50/3000
Epoch 51/3000
Epoch 52/3000
Epoch 53/3000
Epoch 54/3000
Epoch 55/3000
Epoch 56/3000
Epoch 57/3000
Epoch 58/3000
Epoch 59/3000
Epoch 60/3000
Epoch 61/3000
Epoch 62/3000
Epoch 63/3000
Epoch 64/3000
Epoch 65/3000
Epoch 66/3000
Epoch 67/3000
Epoch 68/3000
Epoch 69/3000
Epoch 70/3000
Epoch 71/3000
Epoch 72/3000
Epoch 73/3000
Epoch 74/3000
Epoch 75/3000
Epoch 76/3000
Epoch 77/3000
Epoch 78/3000
Epoch 79/3000
Epoch 80/3000
Epoch 81/3000
Epoch 82/3000
Epoch 83/3000
Epoch 84/3000
Epoch 85/3000
Epoch 86/3000
Epoch 87/3000
Epoch 88/3000
Epoch 89/3000
Epoch 90/3000
Epoch 91/3000
Epoch 92/3000
Epoch 93/3000
Epoch 94/3000
Epoch 95/3000
Epoch 96/3000
Epoch 97/3000
Epoch 98/3000
Epoch 99/3000
Epoch 100/3000
Epoch 101/3000
Epoch 102/3000
Epoch 103/3000
Epoch 104/3000
Epoch 105/3000
Epoch 106/3000
Epoch 107/3000
Epoch 108/3000
Epoch 109/3000
Epoch 110/3000
Epoch 111/3000
Epoch 112/3000
Epoch 113/3000
Epoch 114/3000
Epoch 115/3000
Epoch 116/3000
Epoch 117/3000
Epoch 118/3000
Epoch 119/3000
Epoch 120/3000
Epoch 121/3000
Epoch 122/3000
Epoch 123/3000
Epoch 124/3000
Epoch 125/3000
Epoch 126/3000
Epoch 127/3000
Epoch 128/3000
Epoch 129/3000
Epoch 130/3000
Epoch 131/3000
Epoch 132/3000
Epoch 133/3000
Epoch 134/3000
Epoch 135/3000
Epoch 136/3000
Epoch 137/3000
Epoch 138/3000
Epoch 139/3000
Epoch 140/3000
Epoch 141/3000
Epoch 142/3000
Epoch 143/3000
Epoch 144/3000
Epoch 145/3000
Epoch 146/3000
Epoch 147/3000
Epoch 148/3000
Epoch 149/3000
Epoch 150/3000
Epoch 151/3000
Epoch 152/3000
Epoch 153/3000
Epoch 154/3000
Epoch 155/3000
Epoch 156/3000
Epoch 157/3000
Epoch 158/3000
Epoch 159/3000
Epoch 160/3000
Epoch 161/3000
Epoch 162/3000
Epoch 163/3000
Epoch 164/3000
Epoch 165/3000
Epoch 166/3000
Epoch 167/3000
Epoch 168/3000
Epoch 169/3000
Epoch 170/3000
Epoch 171/3000
Epoch 172/3000
Epoch 173/3000
Epoch 174/3000
Epoch 175/3000
Epoch 176/3000
Epoch 177/3000
Epoch 178/3000
Epoch 179/3000
Epoch 180/3000
Epoch 181/3000
Epoch 182/3000
Epoch 183/3000
Epoch 184/3000
Epoch 185/3000
Epoch 186/3000
Epoch 187/3000
Epoch 188/3000
Epoch 189/3000
Epoch 190/3000
Epoch 191/3000
Epoch 192/3000
Epoch 193/3000
Epoch 194/3000
Epoch 195/3000
Epoch 196/3000
Epoch 197/3000
Epoch 198/3000
Epoch 199/3000
Epoch 200/3000
Epoch 201/3000
Epoch 202/3000
Epoch 203/3000
Epoch 204/3000
Epoch 205/3000
Epoch 206/3000
Epoch 207/3000
Epoch 208/3000
Epoch 209/3000
Epoch 210/3000
Epoch 211/3000
Epoch 212/3000
Epoch 213/3000
Epoch 214/3000
Epoch 215/3000
Epoch 216/3000
Epoch 217/3000
Epoch 218/3000
Epoch 219/3000
Epoch 220/3000
Epoch 221/3000
Epoch 222/3000
Epoch 223/3000
Epoch 224/3000
Epoch 225/3000
Epoch 1/3000
Epoch 2/3000
Epoch 3/3000
Epoch 4/3000
Epoch 5/3000
Epoch 6/3000
Epoch 7/3000
Epoch 8/3000
Epoch 9/3000
Epoch 10/3000
Epoch 11/3000
Epoch 12/3000
Epoch 13/3000
Epoch 14/3000
Epoch 15/3000
Epoch 16/3000
Epoch 17/3000
Epoch 18/3000
Epoch 19/3000
Epoch 20/3000
Epoch 21/3000
Epoch 22/3000
Epoch 23/3000
Epoch 24/3000
Epoch 25/3000
Epoch 26/3000
Epoch 27/3000
Epoch 28/3000
Epoch 29/3000
Epoch 30/3000
Epoch 31/3000
Epoch 32/3000
Epoch 33/3000
Epoch 34/3000
Epoch 35/3000
Epoch 36/3000
Epoch 37/3000
Epoch 38/3000
Epoch 39/3000
Epoch 40/3000
Epoch 41/3000
Epoch 42/3000
Epoch 43/3000
Epoch 44/3000
Epoch 45/3000
Epoch 46/3000
Epoch 47/3000
Epoch 48/3000
Epoch 49/3000
Epoch 50/3000
Epoch 51/3000
Epoch 52/3000
Epoch 53/3000
Epoch 54/3000
Epoch 55/3000
Epoch 56/3000
Epoch 57/3000
Epoch 58/3000
Epoch 59/3000
Epoch 60/3000
Epoch 61/3000
Epoch 62/3000
Epoch 63/3000
Epoch 64/3000
Epoch 65/3000
Epoch 66/3000
Epoch 67/3000
Epoch 68/3000
Epoch 69/3000
Epoch 70/3000
Epoch 71/3000
Epoch 72/3000
Epoch 73/3000
Epoch 74/3000
Epoch 75/3000
Epoch 76/3000
Epoch 77/3000
Epoch 78/3000
Epoch 79/3000
Epoch 80/3000
Epoch 81/3000
Epoch 82/3000
Epoch 83/3000
Epoch 84/3000
Epoch 85/3000
Epoch 86/3000
Epoch 87/3000
Epoch 88/3000
Epoch 89/3000
Epoch 90/3000
Epoch 91/3000
Epoch 92/3000
Epoch 93/3000
Epoch 94/3000
Epoch 95/3000
Epoch 96/3000
Epoch 97/3000
Epoch 98/3000
Epoch 99/3000
Epoch 100/3000
Epoch 101/3000
Epoch 102/3000
Epoch 103/3000
Epoch 104/3000
Epoch 105/3000
Epoch 106/3000
Epoch 107/3000
Epoch 108/3000
Epoch 109/3000
Epoch 110/3000
Epoch 111/3000
Epoch 112/3000
Epoch 113/3000
Epoch 114/3000
Epoch 115/3000
Epoch 116/3000
Epoch 117/3000
Epoch 118/3000
Epoch 119/3000
Epoch 120/3000
Epoch 121/3000
Epoch 122/3000
Epoch 123/3000
Epoch 124/3000
Epoch 125/3000
Epoch 126/3000
Epoch 127/3000
Epoch 128/3000
Epoch 129/3000
Epoch 130/3000
Epoch 131/3000
Epoch 132/3000
Epoch 133/3000
Epoch 134/3000
Epoch 135/3000
Epoch 136/3000
Epoch 137/3000
Epoch 138/3000
Epoch 139/3000
Epoch 140/3000
Epoch 141/3000
Epoch 142/3000
Epoch 143/3000
Epoch 144/3000
Epoch 145/3000
Epoch 146/3000
Epoch 147/3000
Epoch 148/3000
Epoch 149/3000
Epoch 150/3000
Epoch 151/3000
Epoch 152/3000
Epoch 153/3000
Epoch 154/3000
Epoch 155/3000
Epoch 156/3000
Epoch 157/3000
Epoch 158/3000
Epoch 159/3000
Epoch 160/3000
Epoch 161/3000
Epoch 162/3000
Epoch 163/3000
Epoch 164/3000
Epoch 165/3000
Epoch 166/3000
Epoch 167/3000
Epoch 168/3000
Epoch 169/3000
Epoch 170/3000
Epoch 171/3000
Epoch 172/3000
Epoch 173/3000
Epoch 174/3000
Epoch 175/3000
Epoch 176/3000
Epoch 177/3000
Epoch 178/3000
Epoch 179/3000
Epoch 180/3000
Epoch 181/3000
Epoch 182/3000
Epoch 183/3000
Epoch 184/3000
Epoch 185/3000
Epoch 186/3000
Epoch 187/3000
Epoch 188/3000
Epoch 189/3000
Epoch 190/3000
Epoch 191/3000
Epoch 192/3000
Epoch 193/3000
Epoch 194/3000
Epoch 195/3000
Epoch 196/3000
Epoch 197/3000
Epoch 198/3000
Epoch 199/3000
Epoch 200/3000
Epoch 201/3000
Epoch 202/3000
Epoch 203/3000
Epoch 204/3000
Epoch 205/3000
Epoch 206/3000
Epoch 207/3000
Epoch 208/3000
Epoch 209/3000
Epoch 210/3000
Epoch 211/3000
Epoch 212/3000
Epoch 213/3000
Epoch 214/3000
Epoch 215/3000
Epoch 216/3000
Epoch 217/3000
Epoch 218/3000
Epoch 219/3000
Epoch 220/3000
Epoch 221/3000
Epoch 222/3000
Epoch 223/3000
Epoch 224/3000
Epoch 225/3000
Epoch 226/3000
Epoch 227/3000
Epoch 228/3000
Epoch 229/3000
Epoch 230/3000
Epoch 231/3000
Epoch 232/3000
Epoch 233/3000
Epoch 234/3000
Epoch 235/3000
Epoch 236/3000
Epoch 237/3000
Epoch 238/3000
Epoch 239/3000
Epoch 240/3000
Epoch 241/3000
Epoch 242/3000
Epoch 243/3000
Epoch 244/3000
Epoch 245/3000
Epoch 246/3000
Epoch 247/3000
Epoch 248/3000
Epoch 249/3000
Epoch 250/3000
Epoch 251/3000
Epoch 252/3000
Epoch 253/3000
Epoch 254/3000
Epoch 255/3000
Epoch 256/3000
Epoch 257/3000
Epoch 258/3000
Epoch 259/3000
Epoch 260/3000
Epoch 261/3000
Epoch 262/3000
Epoch 263/3000
Epoch 264/3000
Epoch 265/3000
Epoch 266/3000
Epoch 267/3000
Epoch 268/3000
Epoch 269/3000
Epoch 270/3000
Epoch 271/3000
Epoch 272/3000
Epoch 273/3000
Epoch 274/3000
Epoch 275/3000
Epoch 276/3000
Epoch 277/3000
Epoch 278/3000
Epoch 279/3000
Epoch 280/3000

Trial 50 Complete [00h 14m 15s]
val_loss: 195.42724609375

Best val_loss So Far: 171.6170654296875
Total elapsed time: 01h 00m 46s
Best models
========== Model 0 ==========
{'n_hidden_layers': 5, 'units_mult': 32, 'unit_decrease_factor': 1.5, 'batch_normalization': True, 'input_batch_normalization': False, 'dropout': 0.2}
Number of parameters: 523897
========== Model 1 ==========
{'n_hidden_layers': 5, 'units_mult': 2, 'unit_decrease_factor': 1.5, 'batch_normalization': True, 'input_batch_normalization': False, 'dropout': 0.0}
Number of parameters: 4332
========== Model 2 ==========
{'n_hidden_layers': 8, 'units_mult': 4, 'unit_decrease_factor': 1.0, 'batch_normalization': True, 'input_batch_normalization': True, 'dropout': 0.0}
Number of parameters: 3409
========== Model 3 ==========
{'n_hidden_layers': 4, 'units_mult': 4, 'unit_decrease_factor': 1.5, 'batch_normalization': True, 'input_batch_normalization': True, 'dropout': 0.0}
Number of parameters: 6643
========== Model 4 ==========
{'n_hidden_layers': 8, 'units_mult': 32, 'unit_decrease_factor': 2.0, 'batch_normalization': True, 'input_batch_normalization': True, 'dropout': 0.0}
Number of parameters: 179896001
========== Model 5 ==========
{'n_hidden_layers': 8, 'units_mult': 1, 'unit_decrease_factor': 2.0, 'batch_normalization': True, 'input_batch_normalization': True, 'dropout': 0.0}
Number of parameters: 204625
Cross-validation...
========== Model 0 ==========
{'n_hidden_layers': 5, 'units_mult': 32, 'unit_decrease_factor': 1.5, 'batch_normalization': True, 'input_batch_normalization': False, 'dropout': 0.2}
Number of parameters: 523897
Got score: 216.8357 (217.8937, 217.8555, 214.7580)
Got score: 222.3048 (229.0491, 228.5007, 209.3645)
Got score: 253.5381 (361.2159, 186.9960, 212.4024)
Got score: 197.3731 (200.2846, 192.2412, 199.5936)
Got score: 244.6497 (208.7594, 200.8279, 324.3620)
========== Model 1 ==========
{'n_hidden_layers': 5, 'units_mult': 2, 'unit_decrease_factor': 1.5, 'batch_normalization': True, 'input_batch_normalization': False, 'dropout': 0.0}
Number of parameters: 4332
Got score: 178.3479 (173.7704, 184.8237, 176.4496)
Got score: 192.6263 (181.8645, 207.1223, 188.8922)
Got score: 187.3974 (172.7970, 204.1163, 185.2789)
Got score: 186.6756 (201.5481, 179.6573, 178.8216)
Got score: 201.8229 (184.3722, 232.8871, 188.2093)
========== Model 2 ==========
{'n_hidden_layers': 8, 'units_mult': 4, 'unit_decrease_factor': 1.0, 'batch_normalization': True, 'input_batch_normalization': True, 'dropout': 0.0}
Number of parameters: 3409
Got score: 179.5741 (177.1192, 183.4533, 178.1499)
Got score: 203.5134 (192.9669, 230.5655, 187.0077)
Got score: 182.5838 (183.8247, 184.7405, 179.1862)
Got score: 182.6055 (184.5445, 184.3249, 178.9470)
Got score: 189.2654 (185.4158, 189.5167, 192.8637)
========== Model 3 ==========
{'n_hidden_layers': 4, 'units_mult': 4, 'unit_decrease_factor': 1.5, 'batch_normalization': True, 'input_batch_normalization': True, 'dropout': 0.0}
Number of parameters: 6643
Got score: 180.9614 (182.9229, 181.8079, 178.1534)
Got score: 186.9344 (187.7270, 182.3154, 190.7609)
Got score: 186.6029 (196.5835, 187.6682, 175.5572)
Got score: 193.0249 (198.8490, 188.4172, 191.8085)
Got score: 196.9534 (193.4178, 193.9643, 203.4781)
========== Model 4 ==========
{'n_hidden_layers': 8, 'units_mult': 32, 'unit_decrease_factor': 2.0, 'batch_normalization': True, 'input_batch_normalization': True, 'dropout': 0.0}
Number of parameters: 179896001
Got score: 214.4753 (208.1411, 215.9773, 219.3074)
Got score: 204.9785 (228.9896, 200.1864, 185.7595)
Got score: 210.5817 (213.5729, 214.9127, 203.2596)
Got score: 194.1739 (186.9653, 214.4816, 181.0748)
Got score: 234.9506 (241.7317, 219.5544, 243.5658)
========== Model 5 ==========
{'n_hidden_layers': 8, 'units_mult': 1, 'unit_decrease_factor': 2.0, 'batch_normalization': True, 'input_batch_normalization': True, 'dropout': 0.0}
Number of parameters: 204625
Got score: 276.0267 (212.4253, 401.7521, 213.9026)
Got score: 204.1210 (187.1215, 233.3171, 191.9243)
Got score: 198.3221 (220.9516, 185.6945, 188.3201)
Got score: 224.5066 (206.4888, 261.7574, 205.2737)
Got score: 213.9078 (205.9479, 226.8037, 208.9718)
Final results:
         mean    std   n_params
Model                          
0      226.94  20.09     523897
1      189.37   7.72       4332
2      187.51   8.61       3409
3      188.90   5.55       6643
4      211.83  13.43  179896001
5      223.38  27.79     204625
Elapsed 9820.378293490 seconds
